<?xml version="1.0" encoding="UTF-8" ?>
<testsuite 
errors="0" failures="0" hostname="ubuntu15" name="org.apache.mahout.h2obindings.ops.AewBSuite" tests="4" time="8.028" timestamp="2016-04-07T18:32:29">
  <properties>
    <property name="java.runtime.name" value="Java(TM) SE Runtime Environment">
    </property>
    <property 
    name="sun.boot.library.path" value="/home/gwl/jdk1.7.0_80/jre/lib/amd64">
</property>
    <property name="java.vm.version" value="24.80-b11"> </property>
    <property name="java.vm.vendor" value="Oracle Corporation"> </property>
    <property name="java.vendor.url" value="http://java.oracle.com/">
    </property>
    <property name="path.separator" value=":"> </property>
    <property name="java.vm.name" value="Java HotSpot(TM) 64-Bit Server VM">
    </property>
    <property name="file.encoding.pkg" value="sun.io"> </property>
    <property name="user.country" value="HK"> </property>
    <property name="sun.java.launcher" value="SUN_STANDARD"> </property>
    <property name="sun.os.patch.level" value="unknown"> </property>
    <property 
    name="java.vm.specification.name" value="Java Virtual Machine Specification">
</property>
    <property 
    name="user.dir" value="/home/gwl/apache-mahout-distribution-0.10.2/h2o">
</property>
    <property name="java.runtime.version" value="1.7.0_80-b15"> </property>
    <property 
    name="java.awt.graphicsenv" value="sun.awt.X11GraphicsEnvironment">
</property>
    <property 
    name="basedir" value="/home/gwl/apache-mahout-distribution-0.10.2/h2o">
</property>
    <property 
    name="java.endorsed.dirs" value="/home/gwl/jdk1.7.0_80/jre/lib/endorsed">
</property>
    <property name="os.arch" value="amd64"> </property>
    <property name="java.io.tmpdir" value="/tmp"> </property>
    <property name="line.separator" value=" "> </property>
    <property name="java.vm.specification.vendor" value="Oracle Corporation">
    </property>
    <property name="os.name" value="Linux"> </property>
    <property name="sun.jnu.encoding" value="UTF-8"> </property>
    <property 
    name="java.library.path" value="/usr/java/packages/lib/amd64:/usr/lib64:/lib64:/lib:/usr/lib">
</property>
    <property 
    name="java.specification.name" value="Java Platform API Specification">
</property>
    <property name="java.class.version" value="51.0"> </property>
    <property 
    name="sun.management.compiler" value="HotSpot 64-Bit Tiered Compilers">
</property>
    <property name="os.version" value="3.13.0-24-generic"> </property>
    <property name="user.home" value="/home/ubuntu15"> </property>
    <property name="user.timezone" value=""> </property>
    <property name="java.awt.printerjob" value="sun.print.PSPrinterJob">
    </property>
    <property name="file.encoding" value="UTF-8"> </property>
    <property name="java.specification.version" value="1.7"> </property>
    <property name="user.name" value="ubuntu15"> </property>
    <property 
    name="java.class.path" value="/home/gwl/apache-mahout-distribution-0.10.2/h2o/target/test-classes:/home/gwl/apache-mahout-distribution-0.10.2/h2o/target/classes:/home/ubuntu15/.m2/repository/org/scala-lang/scala-library/2.10.4/scala-library-2.10.4.jar:/home/gwl/apache-mahout-distribution-0.10.2/math-scala/target/mahout-math-scala_2.10-0.10.2.jar:/home/ubuntu15/.m2/repository/log4j/log4j/1.2.17/log4j-1.2.17.jar:/home/ubuntu15/.m2/repository/com/github/scopt/scopt_2.10/3.3.0/scopt_2.10-3.3.0.jar:/home/gwl/apache-mahout-distribution-0.10.2/hdfs/target/mahout-hdfs-0.10.2.jar:/home/ubuntu15/.m2/repository/org/apache/hadoop/hadoop-client/2.4.1/hadoop-client-2.4.1.jar:/home/ubuntu15/.m2/repository/org/apache/hadoop/hadoop-common/2.4.1/hadoop-common-2.4.1.jar:/home/ubuntu15/.m2/repository/commons-httpclient/commons-httpclient/3.1/commons-httpclient-3.1.jar:/home/ubuntu15/.m2/repository/commons-io/commons-io/2.4/commons-io-2.4.jar:/home/ubuntu15/.m2/repository/commons-net/commons-net/3.1/commons-net-3.1.jar:/home/ubuntu15/.m2/repository/commons-lang/commons-lang/2.6/commons-lang-2.6.jar:/home/ubuntu15/.m2/repository/commons-configuration/commons-configuration/1.6/commons-configuration-1.6.jar:/home/ubuntu15/.m2/repository/commons-digester/commons-digester/1.8/commons-digester-1.8.jar:/home/ubuntu15/.m2/repository/commons-beanutils/commons-beanutils/1.7.0/commons-beanutils-1.7.0.jar:/home/ubuntu15/.m2/repository/commons-beanutils/commons-beanutils-core/1.8.0/commons-beanutils-core-1.8.0.jar:/home/ubuntu15/.m2/repository/org/slf4j/slf4j-log4j12/1.7.12/slf4j-log4j12-1.7.12.jar:/home/ubuntu15/.m2/repository/org/apache/avro/avro/1.7.4/avro-1.7.4.jar:/home/ubuntu15/.m2/repository/com/thoughtworks/paranamer/paranamer/2.3/paranamer-2.3.jar:/home/ubuntu15/.m2/repository/org/xerial/snappy/snappy-java/1.0.4.1/snappy-java-1.0.4.1.jar:/home/ubuntu15/.m2/repository/com/google/protobuf/protobuf-java/2.5.0/protobuf-java-2.5.0.jar:/home/ubuntu15/.m2/repository/org/apache/hadoop/hadoop-auth/2.4.1/hadoop-auth-2.4.1.jar:/home/ubuntu15/.m2/repository/com/google/code/findbugs/jsr305/1.3.9/jsr305-1.3.9.jar:/home/ubuntu15/.m2/repository/org/apache/zookeeper/zookeeper/3.4.5/zookeeper-3.4.5.jar:/home/ubuntu15/.m2/repository/org/apache/commons/commons-compress/1.4.1/commons-compress-1.4.1.jar:/home/ubuntu15/.m2/repository/org/tukaani/xz/1.0/xz-1.0.jar:/home/ubuntu15/.m2/repository/org/apache/hadoop/hadoop-hdfs/2.4.1/hadoop-hdfs-2.4.1.jar:/home/ubuntu15/.m2/repository/org/apache/hadoop/hadoop-mapreduce-client-app/2.4.1/hadoop-mapreduce-client-app-2.4.1.jar:/home/ubuntu15/.m2/repository/org/apache/hadoop/hadoop-mapreduce-client-common/2.4.1/hadoop-mapreduce-client-common-2.4.1.jar:/home/ubuntu15/.m2/repository/org/apache/hadoop/hadoop-yarn-client/2.4.1/hadoop-yarn-client-2.4.1.jar:/home/ubuntu15/.m2/repository/com/sun/jersey/jersey-client/1.9/jersey-client-1.9.jar:/home/ubuntu15/.m2/repository/org/apache/hadoop/hadoop-yarn-server-common/2.4.1/hadoop-yarn-server-common-2.4.1.jar:/home/ubuntu15/.m2/repository/org/apache/hadoop/hadoop-mapreduce-client-shuffle/2.4.1/hadoop-mapreduce-client-shuffle-2.4.1.jar:/home/ubuntu15/.m2/repository/org/apache/hadoop/hadoop-yarn-api/2.4.1/hadoop-yarn-api-2.4.1.jar:/home/ubuntu15/.m2/repository/org/apache/hadoop/hadoop-mapreduce-client-core/2.4.1/hadoop-mapreduce-client-core-2.4.1.jar:/home/ubuntu15/.m2/repository/org/apache/hadoop/hadoop-yarn-common/2.4.1/hadoop-yarn-common-2.4.1.jar:/home/ubuntu15/.m2/repository/javax/xml/bind/jaxb-api/2.2.2/jaxb-api-2.2.2.jar:/home/ubuntu15/.m2/repository/javax/xml/stream/stax-api/1.0-2/stax-api-1.0-2.jar:/home/ubuntu15/.m2/repository/javax/servlet/servlet-api/2.5/servlet-api-2.5.jar:/home/ubuntu15/.m2/repository/com/sun/jersey/jersey-core/1.9/jersey-core-1.9.jar:/home/ubuntu15/.m2/repository/org/apache/hadoop/hadoop-mapreduce-client-jobclient/2.4.1/hadoop-mapreduce-client-jobclient-2.4.1.jar:/home/ubuntu15/.m2/repository/org/apache/hadoop/hadoop-annotations/2.4.1/hadoop-annotations-2.4.1.jar:/home/ubuntu15/.m2/repository/org/codehaus/jackson/jackson-core-asl/1.9.12/jackson-core-asl-1.9.12.jar:/home/ubuntu15/.m2/repository/org/codehaus/jackson/jackson-mapper-asl/1.9.12/jackson-mapper-asl-1.9.12.jar:/home/ubuntu15/.m2/repository/org/slf4j/slf4j-api/1.7.12/slf4j-api-1.7.12.jar:/home/ubuntu15/.m2/repository/org/apache/commons/commons-lang3/3.1/commons-lang3-3.1.jar:/home/ubuntu15/.m2/repository/commons-cli/commons-cli/1.2/commons-cli-1.2.jar:/home/ubuntu15/.m2/repository/com/thoughtworks/xstream/xstream/1.4.4/xstream-1.4.4.jar:/home/ubuntu15/.m2/repository/xmlpull/xmlpull/1.1.3.1/xmlpull-1.1.3.1.jar:/home/ubuntu15/.m2/repository/xpp3/xpp3_min/1.1.4c/xpp3_min-1.1.4c.jar:/home/ubuntu15/.m2/repository/org/apache/lucene/lucene-core/4.6.1/lucene-core-4.6.1.jar:/home/ubuntu15/.m2/repository/org/apache/lucene/lucene-analyzers-common/4.6.1/lucene-analyzers-common-4.6.1.jar:/home/ubuntu15/.m2/repository/org/apache/mahout/commons/commons-cli/2.0-mahout/commons-cli-2.0-mahout.jar:/home/ubuntu15/.m2/repository/org/apache/commons/commons-math3/3.2/commons-math3-3.2.jar:/home/ubuntu15/.m2/repository/com/google/guava/guava/14.0.1/guava-14.0.1.jar:/home/ubuntu15/.m2/repository/org/apache/solr/solr-commons-csv/3.5.0/solr-commons-csv-3.5.0.jar:/home/gwl/apache-mahout-distribution-0.10.2/math-scala/target/mahout-math-scala_2.10-0.10.2-tests.jar:/home/gwl/apache-mahout-distribution-0.10.2/math/target/mahout-math-0.10.2.jar:/home/ubuntu15/.m2/repository/com/tdunning/t-digest/3.1/t-digest-3.1.jar:/home/ubuntu15/.m2/repository/ai/h2o/h2o-core/0.1.25/h2o-core-0.1.25.jar:/home/ubuntu15/.m2/repository/joda-time/joda-time/2.3/joda-time-2.3.jar:/home/ubuntu15/.m2/repository/commons-logging/commons-logging/1.1.3/commons-logging-1.1.3.jar:/home/ubuntu15/.m2/repository/org/reflections/reflections/0.9.9/reflections-0.9.9.jar:/home/ubuntu15/.m2/repository/com/google/code/findbugs/annotations/2.0.1/annotations-2.0.1.jar:/home/ubuntu15/.m2/repository/org/javassist/javassist/3.18.2-GA/javassist-3.18.2-GA.jar:/home/ubuntu15/.m2/repository/commons-collections/commons-collections/3.0/commons-collections-3.0.jar:/home/ubuntu15/.m2/repository/net/java/dev/jets3t/jets3t/0.9.2/jets3t-0.9.2.jar:/home/ubuntu15/.m2/repository/org/apache/httpcomponents/httpcore/4.3.1/httpcore-4.3.1.jar:/home/ubuntu15/.m2/repository/org/apache/httpcomponents/httpclient/4.3.2/httpclient-4.3.2.jar:/home/ubuntu15/.m2/repository/commons-codec/commons-codec/1.8/commons-codec-1.8.jar:/home/ubuntu15/.m2/repository/javax/activation/activation/1.1.1/activation-1.1.1.jar:/home/ubuntu15/.m2/repository/mx4j/mx4j/3.0.2/mx4j-3.0.2.jar:/home/ubuntu15/.m2/repository/javax/mail/mail/1.4.7/mail-1.4.7.jar:/home/ubuntu15/.m2/repository/org/bouncycastle/bcprov-jdk15/1.46/bcprov-jdk15-1.46.jar:/home/ubuntu15/.m2/repository/com/jamesmurty/utils/java-xmlbuilder/1.0/java-xmlbuilder-1.0.jar:/home/ubuntu15/.m2/repository/net/iharder/base64/2.3.8/base64-2.3.8.jar:/home/ubuntu15/.m2/repository/gov/nist/math/jama/1.0.3/jama-1.0.3.jar:/home/ubuntu15/.m2/repository/org/scalatest/scalatest_2.10/2.2.4/scalatest_2.10-2.2.4.jar:/home/ubuntu15/.m2/repository/org/scala-lang/scala-reflect/2.10.4/scala-reflect-2.10.4.jar">
</property>
    <property name="java.vm.specification.version" value="1.7"> </property>
    <property name="sun.arch.data.model" value="64"> </property>
    <property name="java.home" value="/home/gwl/jdk1.7.0_80/jre"> </property>
    <property 
    name="sun.java.command" value="org.scalatest.tools.Runner -R /home/gwl/apache-mahout-distribution-0.10.2/h2o/target/classes /home/gwl/apache-mahout-distribution-0.10.2/h2o/target/test-classes -o -fWDF /home/gwl/apache-mahout-distribution-0.10.2/h2o/target/scalatest-reports/TestSuite.txt -u /home/gwl/apache-mahout-distribution-0.10.2/h2o/target/scalatest-reports/.">
</property>
    <property name="java.specification.vendor" value="Oracle Corporation">
    </property>
    <property name="user.language" value="en"> </property>
    <property name="awt.toolkit" value="sun.awt.X11.XToolkit"> </property>
    <property name="java.vm.info" value="mixed mode"> </property>
    <property name="java.version" value="1.7.0_80"> </property>
    <property 
    name="java.ext.dirs" value="/home/gwl/jdk1.7.0_80/jre/lib/ext:/usr/java/packages/lib/ext">
</property>
    <property 
    name="sun.boot.class.path" value="/home/gwl/jdk1.7.0_80/jre/lib/resources.jar:/home/gwl/jdk1.7.0_80/jre/lib/rt.jar:/home/gwl/jdk1.7.0_80/jre/lib/sunrsasign.jar:/home/gwl/jdk1.7.0_80/jre/lib/jsse.jar:/home/gwl/jdk1.7.0_80/jre/lib/jce.jar:/home/gwl/jdk1.7.0_80/jre/lib/charsets.jar:/home/gwl/jdk1.7.0_80/jre/lib/jfr.jar:/home/gwl/jdk1.7.0_80/jre/classes">
</property>
    <property name="java.vendor" value="Oracle Corporation"> </property>
    <property name="file.separator" value="/"> </property>
    <property 
    name="java.vendor.url.bug" value="http://bugreport.sun.com/bugreport/">
</property>
    <property name="sun.cpu.endian" value="little"> </property>
    <property name="sun.io.unicode.encoding" value="UnicodeLittle"> </property>
    <property name="sun.cpu.isalist" value=""> </property>
  </properties>
  <testcase 
  name="A * B Hadamard" classname="org.apache.mahout.h2obindings.ops.AewBSuite" time="0.003">
</testcase>
  <testcase 
  name="A + B Elementwise" classname="org.apache.mahout.h2obindings.ops.AewBSuite" time="0.003">
</testcase>
  <testcase 
  name="A - B Elementwise" classname="org.apache.mahout.h2obindings.ops.AewBSuite" time="0.003">
</testcase>
  <testcase 
  name="A / B Elementwise" classname="org.apache.mahout.h2obindings.ops.AewBSuite" time="0.004">
</testcase>
  <system-out><![CDATA[]]></system-out>
  <system-err><![CDATA[]]></system-err>
</testsuite>
