<?xml version="1.0" encoding="UTF-8" ?>
<testsuite 
errors="0" failures="0" hostname="ubuntu15" name="org.apache.mahout.cf.SimilarityAnalysisSuite" tests="6" time="3.934" timestamp="2016-04-07T18:41:20">
  <properties>
    <property name="java.runtime.name" value="Java(TM) SE Runtime Environment">
    </property>
    <property 
    name="sun.boot.library.path" value="/home/gwl/jdk1.7.0_80/jre/lib/amd64">
</property>
    <property name="java.vm.version" value="24.80-b11"> </property>
    <property name="java.vm.vendor" value="Oracle Corporation"> </property>
    <property name="java.vendor.url" value="http://java.oracle.com/">
    </property>
    <property name="path.separator" value=":"> </property>
    <property name="java.vm.name" value="Java HotSpot(TM) 64-Bit Server VM">
    </property>
    <property name="file.encoding.pkg" value="sun.io"> </property>
    <property name="user.country" value="HK"> </property>
    <property name="sun.java.launcher" value="SUN_STANDARD"> </property>
    <property name="sun.os.patch.level" value="unknown"> </property>
    <property 
    name="java.vm.specification.name" value="Java Virtual Machine Specification">
</property>
    <property 
    name="user.dir" value="/home/gwl/apache-mahout-distribution-0.10.2/spark">
</property>
    <property name="java.runtime.version" value="1.7.0_80-b15"> </property>
    <property 
    name="java.awt.graphicsenv" value="sun.awt.X11GraphicsEnvironment">
</property>
    <property 
    name="basedir" value="/home/gwl/apache-mahout-distribution-0.10.2/spark">
</property>
    <property 
    name="java.endorsed.dirs" value="/home/gwl/jdk1.7.0_80/jre/lib/endorsed">
</property>
    <property name="os.arch" value="amd64"> </property>
    <property name="java.io.tmpdir" value="/tmp"> </property>
    <property name="line.separator" value=" "> </property>
    <property name="java.vm.specification.vendor" value="Oracle Corporation">
    </property>
    <property name="os.name" value="Linux"> </property>
    <property name="sun.jnu.encoding" value="UTF-8"> </property>
    <property 
    name="java.library.path" value="/usr/java/packages/lib/amd64:/usr/lib64:/lib64:/lib:/usr/lib">
</property>
    <property 
    name="java.specification.name" value="Java Platform API Specification">
</property>
    <property name="java.class.version" value="51.0"> </property>
    <property 
    name="sun.management.compiler" value="HotSpot 64-Bit Tiered Compilers">
</property>
    <property name="os.version" value="3.13.0-24-generic"> </property>
    <property name="user.home" value="/home/ubuntu15"> </property>
    <property name="user.timezone" value=""> </property>
    <property name="java.awt.printerjob" value="sun.print.PSPrinterJob">
    </property>
    <property name="file.encoding" value="UTF-8"> </property>
    <property name="java.specification.version" value="1.7"> </property>
    <property name="user.name" value="ubuntu15"> </property>
    <property 
    name="java.class.path" value="/home/gwl/apache-mahout-distribution-0.10.2/spark/target/test-classes:/home/gwl/apache-mahout-distribution-0.10.2/spark/target/classes:/home/ubuntu15/.m2/repository/org/apache/spark/spark-core_2.10/1.2.2/spark-core_2.10-1.2.2.jar:/home/ubuntu15/.m2/repository/com/twitter/chill_2.10/0.5.0/chill_2.10-0.5.0.jar:/home/ubuntu15/.m2/repository/com/esotericsoftware/kryo/kryo/2.21/kryo-2.21.jar:/home/ubuntu15/.m2/repository/com/esotericsoftware/reflectasm/reflectasm/1.07/reflectasm-1.07-shaded.jar:/home/ubuntu15/.m2/repository/com/esotericsoftware/minlog/minlog/1.2/minlog-1.2.jar:/home/ubuntu15/.m2/repository/org/objenesis/objenesis/1.2/objenesis-1.2.jar:/home/ubuntu15/.m2/repository/com/twitter/chill-java/0.5.0/chill-java-0.5.0.jar:/home/ubuntu15/.m2/repository/org/apache/hadoop/hadoop-client/2.4.1/hadoop-client-2.4.1.jar:/home/ubuntu15/.m2/repository/org/apache/hadoop/hadoop-common/2.4.1/hadoop-common-2.4.1.jar:/home/ubuntu15/.m2/repository/commons-io/commons-io/2.4/commons-io-2.4.jar:/home/ubuntu15/.m2/repository/commons-collections/commons-collections/3.2.1/commons-collections-3.2.1.jar:/home/ubuntu15/.m2/repository/commons-logging/commons-logging/1.1.3/commons-logging-1.1.3.jar:/home/ubuntu15/.m2/repository/commons-lang/commons-lang/2.6/commons-lang-2.6.jar:/home/ubuntu15/.m2/repository/commons-configuration/commons-configuration/1.6/commons-configuration-1.6.jar:/home/ubuntu15/.m2/repository/commons-digester/commons-digester/1.8/commons-digester-1.8.jar:/home/ubuntu15/.m2/repository/commons-beanutils/commons-beanutils/1.7.0/commons-beanutils-1.7.0.jar:/home/ubuntu15/.m2/repository/commons-beanutils/commons-beanutils-core/1.8.0/commons-beanutils-core-1.8.0.jar:/home/ubuntu15/.m2/repository/org/apache/avro/avro/1.7.4/avro-1.7.4.jar:/home/ubuntu15/.m2/repository/com/google/protobuf/protobuf-java/2.5.0/protobuf-java-2.5.0.jar:/home/ubuntu15/.m2/repository/org/apache/hadoop/hadoop-auth/2.4.1/hadoop-auth-2.4.1.jar:/home/ubuntu15/.m2/repository/org/apache/httpcomponents/httpclient/4.2.5/httpclient-4.2.5.jar:/home/ubuntu15/.m2/repository/org/apache/httpcomponents/httpcore/4.2.4/httpcore-4.2.4.jar:/home/ubuntu15/.m2/repository/org/apache/commons/commons-compress/1.4.1/commons-compress-1.4.1.jar:/home/ubuntu15/.m2/repository/org/tukaani/xz/1.0/xz-1.0.jar:/home/ubuntu15/.m2/repository/org/apache/hadoop/hadoop-hdfs/2.4.1/hadoop-hdfs-2.4.1.jar:/home/ubuntu15/.m2/repository/org/apache/hadoop/hadoop-mapreduce-client-app/2.4.1/hadoop-mapreduce-client-app-2.4.1.jar:/home/ubuntu15/.m2/repository/org/apache/hadoop/hadoop-mapreduce-client-common/2.4.1/hadoop-mapreduce-client-common-2.4.1.jar:/home/ubuntu15/.m2/repository/org/apache/hadoop/hadoop-yarn-client/2.4.1/hadoop-yarn-client-2.4.1.jar:/home/ubuntu15/.m2/repository/com/sun/jersey/jersey-client/1.9/jersey-client-1.9.jar:/home/ubuntu15/.m2/repository/org/apache/hadoop/hadoop-yarn-server-common/2.4.1/hadoop-yarn-server-common-2.4.1.jar:/home/ubuntu15/.m2/repository/org/apache/hadoop/hadoop-mapreduce-client-shuffle/2.4.1/hadoop-mapreduce-client-shuffle-2.4.1.jar:/home/ubuntu15/.m2/repository/org/apache/hadoop/hadoop-yarn-api/2.4.1/hadoop-yarn-api-2.4.1.jar:/home/ubuntu15/.m2/repository/org/apache/hadoop/hadoop-mapreduce-client-core/2.4.1/hadoop-mapreduce-client-core-2.4.1.jar:/home/ubuntu15/.m2/repository/org/apache/hadoop/hadoop-yarn-common/2.4.1/hadoop-yarn-common-2.4.1.jar:/home/ubuntu15/.m2/repository/javax/xml/bind/jaxb-api/2.2.2/jaxb-api-2.2.2.jar:/home/ubuntu15/.m2/repository/javax/xml/stream/stax-api/1.0-2/stax-api-1.0-2.jar:/home/ubuntu15/.m2/repository/javax/activation/activation/1.1/activation-1.1.jar:/home/ubuntu15/.m2/repository/com/sun/jersey/jersey-core/1.9/jersey-core-1.9.jar:/home/ubuntu15/.m2/repository/org/apache/hadoop/hadoop-mapreduce-client-jobclient/2.4.1/hadoop-mapreduce-client-jobclient-2.4.1.jar:/home/ubuntu15/.m2/repository/org/apache/hadoop/hadoop-annotations/2.4.1/hadoop-annotations-2.4.1.jar:/home/ubuntu15/.m2/repository/org/apache/spark/spark-network-common_2.10/1.2.2/spark-network-common_2.10-1.2.2.jar:/home/ubuntu15/.m2/repository/org/apache/spark/spark-network-shuffle_2.10/1.2.2/spark-network-shuffle_2.10-1.2.2.jar:/home/ubuntu15/.m2/repository/net/java/dev/jets3t/jets3t/0.7.1/jets3t-0.7.1.jar:/home/ubuntu15/.m2/repository/commons-codec/commons-codec/1.3/commons-codec-1.3.jar:/home/ubuntu15/.m2/repository/commons-httpclient/commons-httpclient/3.1/commons-httpclient-3.1.jar:/home/ubuntu15/.m2/repository/org/apache/curator/curator-recipes/2.4.0/curator-recipes-2.4.0.jar:/home/ubuntu15/.m2/repository/org/apache/curator/curator-framework/2.4.0/curator-framework-2.4.0.jar:/home/ubuntu15/.m2/repository/org/apache/curator/curator-client/2.4.0/curator-client-2.4.0.jar:/home/ubuntu15/.m2/repository/org/apache/zookeeper/zookeeper/3.4.5/zookeeper-3.4.5.jar:/home/ubuntu15/.m2/repository/jline/jline/0.9.94/jline-0.9.94.jar:/home/ubuntu15/.m2/repository/org/eclipse/jetty/jetty-plus/8.1.14.v20131031/jetty-plus-8.1.14.v20131031.jar:/home/ubuntu15/.m2/repository/org/eclipse/jetty/orbit/javax.transaction/1.1.1.v201105210645/javax.transaction-1.1.1.v201105210645.jar:/home/ubuntu15/.m2/repository/org/eclipse/jetty/jetty-webapp/8.1.14.v20131031/jetty-webapp-8.1.14.v20131031.jar:/home/ubuntu15/.m2/repository/org/eclipse/jetty/jetty-xml/8.1.14.v20131031/jetty-xml-8.1.14.v20131031.jar:/home/ubuntu15/.m2/repository/org/eclipse/jetty/jetty-servlet/8.1.14.v20131031/jetty-servlet-8.1.14.v20131031.jar:/home/ubuntu15/.m2/repository/org/eclipse/jetty/jetty-jndi/8.1.14.v20131031/jetty-jndi-8.1.14.v20131031.jar:/home/ubuntu15/.m2/repository/org/eclipse/jetty/orbit/javax.mail.glassfish/1.4.1.v201005082020/javax.mail.glassfish-1.4.1.v201005082020.jar:/home/ubuntu15/.m2/repository/org/eclipse/jetty/orbit/javax.activation/1.1.0.v201105071233/javax.activation-1.1.0.v201105071233.jar:/home/ubuntu15/.m2/repository/org/eclipse/jetty/jetty-security/8.1.14.v20131031/jetty-security-8.1.14.v20131031.jar:/home/ubuntu15/.m2/repository/org/eclipse/jetty/jetty-util/8.1.14.v20131031/jetty-util-8.1.14.v20131031.jar:/home/ubuntu15/.m2/repository/org/eclipse/jetty/jetty-server/8.1.14.v20131031/jetty-server-8.1.14.v20131031.jar:/home/ubuntu15/.m2/repository/org/eclipse/jetty/orbit/javax.servlet/3.0.0.v201112011016/javax.servlet-3.0.0.v201112011016.jar:/home/ubuntu15/.m2/repository/org/eclipse/jetty/jetty-continuation/8.1.14.v20131031/jetty-continuation-8.1.14.v20131031.jar:/home/ubuntu15/.m2/repository/org/eclipse/jetty/jetty-http/8.1.14.v20131031/jetty-http-8.1.14.v20131031.jar:/home/ubuntu15/.m2/repository/org/eclipse/jetty/jetty-io/8.1.14.v20131031/jetty-io-8.1.14.v20131031.jar:/home/ubuntu15/.m2/repository/org/apache/commons/commons-lang3/3.1/commons-lang3-3.1.jar:/home/ubuntu15/.m2/repository/org/apache/commons/commons-math3/3.2/commons-math3-3.2.jar:/home/ubuntu15/.m2/repository/com/google/code/findbugs/jsr305/1.3.9/jsr305-1.3.9.jar:/home/ubuntu15/.m2/repository/org/slf4j/slf4j-api/1.7.12/slf4j-api-1.7.12.jar:/home/ubuntu15/.m2/repository/org/slf4j/jul-to-slf4j/1.7.5/jul-to-slf4j-1.7.5.jar:/home/ubuntu15/.m2/repository/org/slf4j/jcl-over-slf4j/1.7.12/jcl-over-slf4j-1.7.12.jar:/home/ubuntu15/.m2/repository/log4j/log4j/1.2.17/log4j-1.2.17.jar:/home/ubuntu15/.m2/repository/org/slf4j/slf4j-log4j12/1.7.12/slf4j-log4j12-1.7.12.jar:/home/ubuntu15/.m2/repository/com/ning/compress-lzf/1.0.0/compress-lzf-1.0.0.jar:/home/ubuntu15/.m2/repository/org/xerial/snappy/snappy-java/1.1.1.6/snappy-java-1.1.1.6.jar:/home/ubuntu15/.m2/repository/net/jpountz/lz4/lz4/1.2.0/lz4-1.2.0.jar:/home/ubuntu15/.m2/repository/org/roaringbitmap/RoaringBitmap/0.4.5/RoaringBitmap-0.4.5.jar:/home/ubuntu15/.m2/repository/commons-net/commons-net/2.2/commons-net-2.2.jar:/home/ubuntu15/.m2/repository/org/spark-project/akka/akka-remote_2.10/2.3.4-spark/akka-remote_2.10-2.3.4-spark.jar:/home/ubuntu15/.m2/repository/org/spark-project/akka/akka-actor_2.10/2.3.4-spark/akka-actor_2.10-2.3.4-spark.jar:/home/ubuntu15/.m2/repository/com/typesafe/config/1.2.1/config-1.2.1.jar:/home/ubuntu15/.m2/repository/io/netty/netty/3.8.0.Final/netty-3.8.0.Final.jar:/home/ubuntu15/.m2/repository/org/spark-project/protobuf/protobuf-java/2.5.0-spark/protobuf-java-2.5.0-spark.jar:/home/ubuntu15/.m2/repository/org/uncommons/maths/uncommons-maths/1.2.2a/uncommons-maths-1.2.2a.jar:/home/ubuntu15/.m2/repository/org/spark-project/akka/akka-slf4j_2.10/2.3.4-spark/akka-slf4j_2.10-2.3.4-spark.jar:/home/ubuntu15/.m2/repository/org/scala-lang/scala-library/2.10.4/scala-library-2.10.4.jar:/home/ubuntu15/.m2/repository/org/json4s/json4s-jackson_2.10/3.2.10/json4s-jackson_2.10-3.2.10.jar:/home/ubuntu15/.m2/repository/org/json4s/json4s-core_2.10/3.2.10/json4s-core_2.10-3.2.10.jar:/home/ubuntu15/.m2/repository/org/json4s/json4s-ast_2.10/3.2.10/json4s-ast_2.10-3.2.10.jar:/home/ubuntu15/.m2/repository/com/thoughtworks/paranamer/paranamer/2.6/paranamer-2.6.jar:/home/ubuntu15/.m2/repository/org/scala-lang/scalap/2.10.0/scalap-2.10.0.jar:/home/ubuntu15/.m2/repository/org/scala-lang/scala-compiler/2.10.0/scala-compiler-2.10.0.jar:/home/ubuntu15/.m2/repository/com/fasterxml/jackson/core/jackson-databind/2.3.1/jackson-databind-2.3.1.jar:/home/ubuntu15/.m2/repository/com/fasterxml/jackson/core/jackson-annotations/2.3.0/jackson-annotations-2.3.0.jar:/home/ubuntu15/.m2/repository/com/fasterxml/jackson/core/jackson-core/2.3.1/jackson-core-2.3.1.jar:/home/ubuntu15/.m2/repository/org/apache/mesos/mesos/0.18.1/mesos-0.18.1-shaded-protobuf.jar:/home/ubuntu15/.m2/repository/io/netty/netty-all/4.0.23.Final/netty-all-4.0.23.Final.jar:/home/ubuntu15/.m2/repository/com/clearspring/analytics/stream/2.7.0/stream-2.7.0.jar:/home/ubuntu15/.m2/repository/com/codahale/metrics/metrics-core/3.0.0/metrics-core-3.0.0.jar:/home/ubuntu15/.m2/repository/com/codahale/metrics/metrics-jvm/3.0.0/metrics-jvm-3.0.0.jar:/home/ubuntu15/.m2/repository/com/codahale/metrics/metrics-json/3.0.0/metrics-json-3.0.0.jar:/home/ubuntu15/.m2/repository/com/codahale/metrics/metrics-graphite/3.0.0/metrics-graphite-3.0.0.jar:/home/ubuntu15/.m2/repository/org/tachyonproject/tachyon-client/0.5.0/tachyon-client-0.5.0.jar:/home/ubuntu15/.m2/repository/org/tachyonproject/tachyon/0.5.0/tachyon-0.5.0.jar:/home/ubuntu15/.m2/repository/org/spark-project/pyrolite/2.0.1/pyrolite-2.0.1.jar:/home/ubuntu15/.m2/repository/net/sf/py4j/py4j/0.8.2.1/py4j-0.8.2.1.jar:/home/ubuntu15/.m2/repository/org/spark-project/spark/unused/1.0.0/unused-1.0.0.jar:/home/gwl/apache-mahout-distribution-0.10.2/math-scala/target/mahout-math-scala_2.10-0.10.2.jar:/home/gwl/apache-mahout-distribution-0.10.2/math/target/mahout-math-0.10.2.jar:/home/ubuntu15/.m2/repository/com/tdunning/t-digest/3.1/t-digest-3.1.jar:/home/ubuntu15/.m2/repository/com/github/scopt/scopt_2.10/3.3.0/scopt_2.10-3.3.0.jar:/home/gwl/apache-mahout-distribution-0.10.2/hdfs/target/mahout-hdfs-0.10.2.jar:/home/ubuntu15/.m2/repository/org/codehaus/jackson/jackson-core-asl/1.9.12/jackson-core-asl-1.9.12.jar:/home/ubuntu15/.m2/repository/org/codehaus/jackson/jackson-mapper-asl/1.9.12/jackson-mapper-asl-1.9.12.jar:/home/ubuntu15/.m2/repository/commons-cli/commons-cli/1.2/commons-cli-1.2.jar:/home/ubuntu15/.m2/repository/com/thoughtworks/xstream/xstream/1.4.4/xstream-1.4.4.jar:/home/ubuntu15/.m2/repository/xmlpull/xmlpull/1.1.3.1/xmlpull-1.1.3.1.jar:/home/ubuntu15/.m2/repository/xpp3/xpp3_min/1.1.4c/xpp3_min-1.1.4c.jar:/home/ubuntu15/.m2/repository/org/apache/lucene/lucene-core/4.6.1/lucene-core-4.6.1.jar:/home/ubuntu15/.m2/repository/org/apache/lucene/lucene-analyzers-common/4.6.1/lucene-analyzers-common-4.6.1.jar:/home/ubuntu15/.m2/repository/org/apache/mahout/commons/commons-cli/2.0-mahout/commons-cli-2.0-mahout.jar:/home/ubuntu15/.m2/repository/com/google/guava/guava/14.0.1/guava-14.0.1.jar:/home/ubuntu15/.m2/repository/org/apache/solr/solr-commons-csv/3.5.0/solr-commons-csv-3.5.0.jar:/home/gwl/apache-mahout-distribution-0.10.2/math-scala/target/mahout-math-scala_2.10-0.10.2-tests.jar:/home/ubuntu15/.m2/repository/org/scalatest/scalatest_2.10/2.2.4/scalatest_2.10-2.2.4.jar:/home/ubuntu15/.m2/repository/org/scala-lang/scala-reflect/2.10.4/scala-reflect-2.10.4.jar">
</property>
    <property name="java.vm.specification.version" value="1.7"> </property>
    <property name="sun.arch.data.model" value="64"> </property>
    <property name="java.home" value="/home/gwl/jdk1.7.0_80/jre"> </property>
    <property 
    name="sun.java.command" value="org.scalatest.tools.Runner -R /home/gwl/apache-mahout-distribution-0.10.2/spark/target/classes /home/gwl/apache-mahout-distribution-0.10.2/spark/target/test-classes -o -fWDF /home/gwl/apache-mahout-distribution-0.10.2/spark/target/scalatest-reports/TestSuite.txt -u /home/gwl/apache-mahout-distribution-0.10.2/spark/target/scalatest-reports/.">
</property>
    <property name="java.specification.vendor" value="Oracle Corporation">
    </property>
    <property name="user.language" value="en"> </property>
    <property name="awt.toolkit" value="sun.awt.X11.XToolkit"> </property>
    <property name="java.vm.info" value="mixed mode"> </property>
    <property name="java.version" value="1.7.0_80"> </property>
    <property 
    name="java.ext.dirs" value="/home/gwl/jdk1.7.0_80/jre/lib/ext:/usr/java/packages/lib/ext">
</property>
    <property 
    name="sun.boot.class.path" value="/home/gwl/jdk1.7.0_80/jre/lib/resources.jar:/home/gwl/jdk1.7.0_80/jre/lib/rt.jar:/home/gwl/jdk1.7.0_80/jre/lib/sunrsasign.jar:/home/gwl/jdk1.7.0_80/jre/lib/jsse.jar:/home/gwl/jdk1.7.0_80/jre/lib/jce.jar:/home/gwl/jdk1.7.0_80/jre/lib/charsets.jar:/home/gwl/jdk1.7.0_80/jre/lib/jfr.jar:/home/gwl/jdk1.7.0_80/jre/classes">
</property>
    <property name="java.vendor" value="Oracle Corporation"> </property>
    <property name="file.separator" value="/"> </property>
    <property 
    name="java.vendor.url.bug" value="http://bugreport.sun.com/bugreport/">
</property>
    <property name="sun.cpu.endian" value="little"> </property>
    <property name="sun.io.unicode.encoding" value="UnicodeLittle"> </property>
    <property name="sun.cpu.isalist" value=""> </property>
  </properties>
  <testcase 
  name="cooccurrence [A'A], [B'A] boolbean data using LLR" classname="org.apache.mahout.cf.SimilarityAnalysisSuite" time="0.802">
</testcase>
  <testcase 
  name="cooccurrence [A'A], [B'A] double data using LLR" classname="org.apache.mahout.cf.SimilarityAnalysisSuite" time="0.816">
</testcase>
  <testcase 
  name="cooccurrence [A'A], [B'A] integer data using LLR" classname="org.apache.mahout.cf.SimilarityAnalysisSuite" time="1.102">
</testcase>
  <testcase 
  name="cooccurrence two matrices with different number of columns" classname="org.apache.mahout.cf.SimilarityAnalysisSuite" time="0.79">
</testcase>
  <testcase 
  name="LLR calc" classname="org.apache.mahout.cf.SimilarityAnalysisSuite" time="0.001">
</testcase>
  <testcase 
  name="downsampling by number per row" classname="org.apache.mahout.cf.SimilarityAnalysisSuite" time="0.145">
</testcase>
  <system-out><![CDATA[]]></system-out>
  <system-err><![CDATA[]]></system-err>
</testsuite>
